<?xml version="1.0" encoding="UTF-8"?>
<testng-results ignored="0" total="2" passed="2" failed="0" skipped="0">
  <reporter-output>
  </reporter-output>
  <suite started-at="2024-05-15T13:25:35 IST" name="Surefire suite" finished-at="2024-05-15T13:25:38 IST" duration-ms="2350">
    <groups>
    </groups>
    <test started-at="2024-05-15T13:25:35 IST" name="Surefire test" finished-at="2024-05-15T13:25:38 IST" duration-ms="2350">
      <class name="tests.TestClass">
        <test-method signature="test_1()[pri:0, instance:tests.TestClass@78b729e6]" started-at="2024-05-15T13:25:35 IST" name="test_1" finished-at="2024-05-15T13:25:37 IST" duration-ms="1522" status="PASS">
          <reporter-output>
          </reporter-output>
        </test-method> <!-- test_1 -->
        <test-method signature="test_2()[pri:0, instance:tests.TestClass@78b729e6]" started-at="2024-05-15T13:25:37 IST" name="test_2" finished-at="2024-05-15T13:25:38 IST" duration-ms="788" status="PASS">
          <reporter-output>
          </reporter-output>
        </test-method> <!-- test_2 -->
      </class> <!-- tests.TestClass -->
    </test> <!-- Surefire test -->
  </suite> <!-- Surefire suite -->
</testng-results>
