<?xml version="1.0" encoding="UTF-8"?>
<testng-results ignored="0" total="2" passed="2" failed="0" skipped="0">
  <reporter-output>
  </reporter-output>
  <suite started-at="2024-05-14T21:22:44 IST" name="tests.TestClass" finished-at="2024-05-14T21:22:46 IST" duration-ms="2058">
    <groups>
    </groups>
    <test started-at="2024-05-14T21:22:44 IST" name="Command line test" finished-at="2024-05-14T21:22:46 IST" duration-ms="2058">
      <class name="tests.TestClass">
        <test-method signature="test_1()[pri:0, instance:tests.TestClass@4e08711f]" started-at="2024-05-14T21:22:44 IST" name="test_1" finished-at="2024-05-14T21:22:45 IST" duration-ms="1368" status="PASS">
          <reporter-output>
          </reporter-output>
        </test-method> <!-- test_1 -->
        <test-method signature="test_2()[pri:0, instance:tests.TestClass@4e08711f]" started-at="2024-05-14T21:22:45 IST" name="test_2" finished-at="2024-05-14T21:22:46 IST" duration-ms="656" status="PASS">
          <reporter-output>
          </reporter-output>
        </test-method> <!-- test_2 -->
      </class> <!-- tests.TestClass -->
    </test> <!-- Command line test -->
  </suite> <!-- tests.TestClass -->
</testng-results>
