<?xml version="1.0" encoding="UTF-8"?>
<testng-results ignored="1" total="2" passed="1" failed="0" skipped="0">
  <reporter-output>
  </reporter-output>
  <suite started-at="2024-05-09T12:51:45 IST" name="Default suite" finished-at="2024-05-09T12:51:47 IST" duration-ms="1923">
    <groups>
    </groups>
    <test started-at="2024-05-09T12:51:45 IST" name="Default test" finished-at="2024-05-09T12:51:47 IST" duration-ms="1923">
      <class name="tests.GetAndPostExamples">
        <test-method signature="testGet()[pri:0, instance:tests.GetAndPostExamples@505fc5a4]" started-at="2024-05-09T12:51:45 IST" name="testGet" finished-at="2024-05-09T12:51:47 IST" duration-ms="1892" status="PASS">
          <reporter-output>
          </reporter-output>
        </test-method> <!-- testGet -->
      </class> <!-- tests.GetAndPostExamples -->
    </test> <!-- Default test -->
  </suite> <!-- Default suite -->
</testng-results>
